2026-04-11T15:04:44.649888Z	Cloning repository...
2026-04-11T15:04:45.959661Z	From https://github.com/adlink8/yanzi
2026-04-11T15:04:45.960081Z	 * branch            5b0ec5f3abf3aa249089f85296e4056a9e1e8e91 -> FETCH_HEAD
2026-04-11T15:04:45.960177Z	
2026-04-11T15:04:46.294448Z	HEAD is now at 5b0ec5f fix: remove explicit edge runtime to resolve node:fs webpack errors on Cloudflare
2026-04-11T15:04:46.294739Z	
2026-04-11T15:04:46.34071Z	
2026-04-11T15:04:46.341106Z	Using v2 root directory strategy
2026-04-11T15:04:46.355559Z	Success: Finished cloning repository files
2026-04-11T15:04:48.08413Z	Checking for configuration in a Wrangler configuration file (BETA)
2026-04-11T15:04:48.084575Z	
2026-04-11T15:04:48.084677Z	Found wrangler.json file. Reading build configuration...
2026-04-11T15:04:48.089254Z	pages_build_output_dir: .vercel/output
2026-04-11T15:04:48.089539Z	Build environment variables: (none found)
2026-04-11T15:04:49.18165Z	Successfully read the Wrangler configuration file.
2026-04-11T15:04:49.365861Z	Detected the following tools from environment: npm@10.9.2, nodejs@22.16.0
2026-04-11T15:04:49.366488Z	Installing project dependencies: npm clean-install --progress=false
2026-04-11T15:05:01.776721Z	npm warn deprecated next@15.2.4: This version has a security vulnerability. Please upgrade to a patched version. See https://nextjs.org/blog/CVE-2025-66478 for more details.
2026-04-11T15:05:01.920454Z	
2026-04-11T15:05:01.920697Z	added 169 packages, and audited 170 packages in 12s
2026-04-11T15:05:01.920763Z	
2026-04-11T15:05:01.920815Z	45 packages are looking for funding
2026-04-11T15:05:01.920853Z	  run `npm fund` for details
2026-04-11T15:05:01.985602Z	
2026-04-11T15:05:01.985932Z	1 critical severity vulnerability
2026-04-11T15:05:01.985987Z	
2026-04-11T15:05:01.986068Z	To address all issues, run:
2026-04-11T15:05:01.986109Z	  npm audit fix --force
2026-04-11T15:05:01.986142Z	
2026-04-11T15:05:01.986182Z	Run `npm audit` for details.
2026-04-11T15:05:02.046249Z	Executing user command: npx @cloudflare/next-on-pages@1
2026-04-11T15:05:03.010386Z	npm warn exec The following package was not found and will be installed: @cloudflare/next-on-pages@1.13.16
2026-04-11T15:05:14.434407Z	npm warn deprecated path-match@1.2.4: This package is archived and no longer maintained. For support, visit https://github.com/expressjs/express/discussions
2026-04-11T15:05:14.953545Z	npm warn deprecated tar@6.2.1: Old versions of tar are not supported, and contain widely publicized security vulnerabilities, which have been fixed in the current version. Please update. Support for old versions may be purchased (at exorbitant rates) by contacting i@izs.me
2026-04-11T15:05:15.478899Z	npm warn deprecated glob@10.5.0: Old versions of glob are not supported, and contain widely publicized security vulnerabilities, which have been fixed in the current version. Please update. Support for old versions may be purchased (at exorbitant rates) by contacting i@izs.me
2026-04-11T15:05:15.529792Z	npm warn deprecated @cloudflare/next-on-pages@1.13.16: Please use the OpenNext adapter instead: https://opennext.js.org/cloudflare
2026-04-11T15:05:24.664718Z	⚡️ @cloudflare/next-on-pages CLI v.1.13.16
2026-04-11T15:05:24.856337Z	⚡️ Detected Package Manager: npm (10.9.2)
2026-04-11T15:05:24.856608Z	⚡️ Preparing project...
2026-04-11T15:05:24.858904Z	⚡️ Project is ready
2026-04-11T15:05:24.859156Z	⚡️ Building project...
2026-04-11T15:05:25.660672Z	▲  npm warn exec The following package was not found and will be installed: vercel@50.44.0
2026-04-11T15:05:32.759259Z	▲  npm warn deprecated tar@7.5.7: Old versions of tar are not supported, and contain widely publicized security vulnerabilities, which have been fixed in the current version. Please update. Support for old versions may be purchased (at exorbitant rates) by contacting i@izs.me
2026-04-11T15:05:35.318129Z	▲  > NOTE: The Vercel CLI now collects telemetry regarding usage of the CLI.
2026-04-11T15:05:35.318976Z	▲  > This information is used to shape the CLI roadmap and prioritize features.
2026-04-11T15:05:35.31914Z	▲  > You can learn more, including how to opt-out if you'd not like to participate in this program, by visiting the following URL:
2026-04-11T15:05:35.319342Z	▲  > https://vercel.com/docs/cli/about-telemetry
2026-04-11T15:05:35.476063Z	▲  WARNING! Build not running on Vercel. System environment variables will not be available.
2026-04-11T15:05:35.658519Z	▲  Installing dependencies...
2026-04-11T15:05:36.398162Z	▲  up to date in 607ms
2026-04-11T15:05:36.398543Z	▲  45 packages are looking for funding
2026-04-11T15:05:36.398615Z	▲  run `npm fund` for details
2026-04-11T15:05:36.410593Z	▲  Detected Next.js version: 15.2.4
2026-04-11T15:05:36.445658Z	▲  Running "npm run build"
2026-04-11T15:05:36.665782Z	▲  > stefanie-sun-deep-reads@0.1.0 build
2026-04-11T15:05:36.66614Z	▲  > next build
2026-04-11T15:05:37.39033Z	▲  Attention: Next.js now collects completely anonymous telemetry regarding usage.
2026-04-11T15:05:37.390587Z	▲  This information is used to shape Next.js' roadmap and prioritize features.
2026-04-11T15:05:37.390657Z	▲  You can learn more, including how to opt-out if you'd not like to participate in this anonymous program, by visiting the following URL:
2026-04-11T15:05:37.390712Z	▲  https://nextjs.org/telemetry
2026-04-11T15:05:37.452161Z	▲  ▲ Next.js 15.2.4
2026-04-11T15:05:37.453228Z	▲  - Experiments (use with caution):
2026-04-11T15:05:37.4533Z	▲    ✓ typedRoutes
2026-04-11T15:05:37.453351Z	▲  
2026-04-11T15:05:37.521016Z	▲  Creating an optimized production build ...
2026-04-11T15:05:42.050665Z	▲  Failed to compile.
2026-04-11T15:05:42.051005Z	▲  ./app/api/feedback/route.ts
2026-04-11T15:05:42.051056Z	▲  Module not found: Can't resolve '@cloudflare/next-on-pages'
2026-04-11T15:05:42.051117Z	▲  
2026-04-11T15:05:42.051155Z	▲  https://nextjs.org/docs/messages/module-not-found
2026-04-11T15:05:42.069859Z	▲  
2026-04-11T15:05:42.070184Z	▲  > Build failed because of webpack errors
2026-04-11T15:05:42.101243Z	▲  Error: Command "npm run build" exited with 1
2026-04-11T15:05:42.334928Z	
2026-04-11T15:05:42.335212Z	⚡️ The Vercel build (`npx vercel build`) command failed. For more details see the Vercel logs above.
2026-04-11T15:05:42.335274Z	⚡️ If you need help solving the issue, refer to the Vercel or Next.js documentation or their repositories.
2026-04-11T15:05:42.335322Z	
2026-04-11T15:05:42.409133Z	Failed: Error while executing user command. Exited with error code: 1
2026-04-11T15:05:42.417326Z	Failed: build command exited with code: 1
2026-04-11T15:05:43.068754Z	Failed: error occurred while running build command