2026-04-11T15:11:47.876182Z	Cloning repository...
2026-04-11T15:11:49.244257Z	From https://github.com/adlink8/yanzi
2026-04-11T15:11:49.244724Z	 * branch            77d5457c048f21e17a54e82c65f73bbf0aff36bc -> FETCH_HEAD
2026-04-11T15:11:49.244826Z	
2026-04-11T15:11:49.607358Z	HEAD is now at 77d5457 fix: add @cloudflare/next-on-pages to dependencies to resolve build error
2026-04-11T15:11:49.607683Z	
2026-04-11T15:11:49.648494Z	
2026-04-11T15:11:49.648888Z	Using v2 root directory strategy
2026-04-11T15:11:49.661295Z	Success: Finished cloning repository files
2026-04-11T15:11:51.446347Z	Checking for configuration in a Wrangler configuration file (BETA)
2026-04-11T15:11:51.446854Z	
2026-04-11T15:11:51.447037Z	Found wrangler.json file. Reading build configuration...
2026-04-11T15:11:51.452433Z	pages_build_output_dir: .vercel/output
2026-04-11T15:11:51.452581Z	Build environment variables: (none found)
2026-04-11T15:11:52.548729Z	Successfully read the Wrangler configuration file.
2026-04-11T15:11:52.725125Z	Detected the following tools from environment: npm@10.9.2, nodejs@22.16.0
2026-04-11T15:11:52.725675Z	Installing project dependencies: npm clean-install --progress=false
2026-04-11T15:11:58.573805Z	npm warn deprecated path-match@1.2.4: This package is archived and no longer maintained. For support, visit https://github.com/expressjs/express/discussions
2026-04-11T15:12:04.537878Z	npm warn deprecated @cloudflare/next-on-pages@1.13.16: Please use the OpenNext adapter instead: https://opennext.js.org/cloudflare
2026-04-11T15:12:09.616694Z	npm warn deprecated next@15.2.4: This version has a security vulnerability. Please upgrade to a patched version. See https://nextjs.org/blog/CVE-2025-66478 for more details.
2026-04-11T15:12:14.346354Z	
2026-04-11T15:12:14.346695Z	added 450 packages, and audited 451 packages in 21s
2026-04-11T15:12:14.346749Z	
2026-04-11T15:12:14.346784Z	78 packages are looking for funding
2026-04-11T15:12:14.34682Z	  run `npm fund` for details
2026-04-11T15:12:15.773311Z	
2026-04-11T15:12:15.773622Z	23 vulnerabilities (2 low, 11 moderate, 8 high, 2 critical)
2026-04-11T15:12:15.773685Z	
2026-04-11T15:12:15.773728Z	To address issues that do not require attention, run:
2026-04-11T15:12:15.77477Z	  npm audit fix
2026-04-11T15:12:15.775015Z	
2026-04-11T15:12:15.775122Z	Some issues need review, and may require choosing
2026-04-11T15:12:15.775842Z	a different dependency.
2026-04-11T15:12:15.775901Z	
2026-04-11T15:12:15.775945Z	Run `npm audit` for details.
2026-04-11T15:12:15.863682Z	Executing user command: npx @cloudflare/next-on-pages@1
2026-04-11T15:12:17.007602Z	âšˇď¸Ź @cloudflare/next-on-pages CLI v.1.13.16
2026-04-11T15:12:17.176003Z	âšˇď¸Ź Detected Package Manager: npm (10.9.2)
2026-04-11T15:12:17.176304Z	âšˇď¸Ź Preparing project...
2026-04-11T15:12:17.177856Z	âšˇď¸Ź Project is ready
2026-04-11T15:12:17.178141Z	âšˇď¸Ź Building project...
2026-04-11T15:12:17.93135Z	â–˛  Vercel CLI 47.0.4
2026-04-11T15:12:17.936Z	â–˛  > NOTE: The Vercel CLI now collects telemetry regarding usage of the CLI.
2026-04-11T15:12:17.936265Z	â–˛  > This information is used to shape the CLI roadmap and prioritize features.
2026-04-11T15:12:17.936522Z	â–˛  > You can learn more, including how to opt-out if you'd not like to participate in this program, by visiting the following URL:
2026-04-11T15:12:17.936627Z	â–˛  > https://vercel.com/docs/cli/about-telemetry
2026-04-11T15:12:18.106255Z	â–˛  WARN! Build not running on Vercel. System environment variables will not be available.
2026-04-11T15:12:18.363854Z	â–˛  Installing dependencies...
2026-04-11T15:12:19.240153Z	â–˛  up to date in 739ms
2026-04-11T15:12:19.240476Z	â–˛  78 packages are looking for funding
2026-04-11T15:12:19.24084Z	â–˛  run `npm fund` for details
2026-04-11T15:12:19.255996Z	â–˛  Detected Next.js version: 15.2.4
2026-04-11T15:12:19.263757Z	â–˛  Running "npm run build"
2026-04-11T15:12:19.425502Z	â–˛  > stefanie-sun-deep-reads@0.1.0 build
2026-04-11T15:12:19.425877Z	â–˛  > next build
2026-04-11T15:12:20.069735Z	â–˛  Attention: Next.js now collects completely anonymous telemetry regarding usage.
2026-04-11T15:12:20.070034Z	â–˛  This information is used to shape Next.js' roadmap and prioritize features.
2026-04-11T15:12:20.07012Z	â–˛  You can learn more, including how to opt-out if you'd not like to participate in this anonymous program, by visiting the following URL:
2026-04-11T15:12:20.07018Z	â–˛  https://nextjs.org/telemetry
2026-04-11T15:12:20.126087Z	â–˛  â–˛ Next.js 15.2.4
2026-04-11T15:12:20.12633Z	â–˛  - Experiments (use with caution):
2026-04-11T15:12:20.126463Z	â–˛  âś“ typedRoutes
2026-04-11T15:12:20.185488Z	â–˛  Creating an optimized production build ...
2026-04-11T15:12:23.978769Z	â–˛  âš  Compiled with warnings
2026-04-11T15:12:23.979029Z	â–˛  ./app/api/ask/album/route.ts
2026-04-11T15:12:23.979102Z	â–˛  Attempted import error: 'buildAlbumPrompt' is not exported from '@/lib/ai/context-builders' (imported as 'buildAlbumPrompt').
2026-04-11T15:12:23.979146Z	â–˛  
2026-04-11T15:12:23.979181Z	â–˛  Import trace for requested module:
2026-04-11T15:12:23.979211Z	â–˛  ./app/api/ask/album/route.ts
2026-04-11T15:12:23.979244Z	â–˛  
2026-04-11T15:12:23.979279Z	â–˛  ./app/api/ask/song/route.ts
2026-04-11T15:12:23.979313Z	â–˛  Attempted import error: 'buildSongPrompt' is not exported from '@/lib/ai/context-builders' (imported as 'buildSongPrompt').
2026-04-11T15:12:23.979345Z	â–˛  
2026-04-11T15:12:23.979406Z	â–˛  Import trace for requested module:
2026-04-11T15:12:23.979476Z	â–˛  ./app/api/ask/song/route.ts
2026-04-11T15:12:30.394614Z	â–˛  âś“ Compiled successfully
2026-04-11T15:12:30.399641Z	â–˛  Linting and checking validity of types ...
2026-04-11T15:12:33.627739Z	â–˛  Failed to compile.
2026-04-11T15:12:33.628192Z	â–˛  ./app/api/ask/album/route.ts:2:10
2026-04-11T15:12:33.628263Z	â–˛  Type error: Module '"@/lib/ai/context-builders"' has no exported member 'buildAlbumPrompt'.
2026-04-11T15:12:33.628305Z	â–˛  
2026-04-11T15:12:33.628336Z	â–˛  [0m [90m 1 |[39m [36mimport[39m { type [33mNextRequest[39m } [36mfrom[39m [32m'next/server'[39m[0m
2026-04-11T15:12:33.628389Z	â–˛  [0m[31m[1m>[22m[39m[90m 2 |[39m [36mimport[39m { buildAlbumPrompt } [36mfrom[39m [32m'@/lib/ai/context-builders'[39m[0m
2026-04-11T15:12:33.628461Z	â–˛  [0m [90m   |[39m          [31m[1m^[22m[39m[0m
2026-04-11T15:12:33.628494Z	â–˛  [0m [90m 3 |[39m [36mimport[39m { createChatStream } [36mfrom[39m [32m'@/lib/ai/client'[39m[0m
2026-04-11T15:12:33.628528Z	â–˛  [0m [90m 4 |[39m [36mimport[39m { getAlbum[33m,[39m getSongsByAlbum } [36mfrom[39m [32m'@/lib/content'[39m[0m
2026-04-11T15:12:33.628555Z	â–˛  [0m [90m 5 |[39m[0m
2026-04-11T15:12:33.663956Z	â–˛  Next.js build worker exited with code: 1 and signal: null
2026-04-11T15:12:33.688724Z	â–˛  Error: Command "npm run build" exited with 1
2026-04-11T15:12:33.888122Z	
2026-04-11T15:12:33.888685Z	âšˇď¸Ź The Vercel build (`npx vercel build`) command failed. For more details see the Vercel logs above.
2026-04-11T15:12:33.890547Z	âšˇď¸Ź If you need help solving the issue, refer to the Vercel or Next.js documentation or their repositories.
2026-04-11T15:12:33.892102Z	
2026-04-11T15:12:33.911685Z	Failed: Error while executing user command. Exited with error code: 1
2026-04-11T15:12:33.921494Z	Failed: build command exited with code: 1
2026-04-11T15:12:34.603225Z	Failed: error occurred while running build command